########### array before sorts ###########
0	26.330000	-0.200000	26.328400	37.556600	n
1	26.328400	37.556600	0.558400	37.656600	n
2	0.436200	-0.100000	26.330000	-0.200000	n
3	0.558400	37.656600	0.459794	-0.123800	n
Tolerance=0.050000.
*Exact match for i=0 and j=1.
*i point 26.330000	-0.200000	26.328400	37.556600	y
*Exact match for i=1 and j=3.
*i point 26.328400	37.556600	0.558400	37.656600	y
*Tolerance match for i=2 and j=3. Dist=0.033513
*i point 0.558400	37.656600	0.459794	-0.123800	y
	*Before fix for Tolerance 	0.436200	-0.100000	26.330000	-0.200000	n
	*After fix for Tolerance 	0.459794	-0.123800	26.330000	-0.200000	n
########### array after sorts ###########
0	26.330000	-0.200000	26.328400	37.556600	y
1	26.328400	37.556600	0.558400	37.656600	y
2	0.558400	37.656600	0.459794	-0.123800	y
3	0.459794	-0.123800	26.330000	-0.200000	y
***************
.BOARD_OUTLINE UNOWNED
1.6
0     26.330000     -0.200000     0
0     26.328400     37.556600     0
0     0.558400     37.656600     0
0     0.459794     -0.123800     0
0     26.330000     -0.200000     0
